Copyright 1986-2018 Xilinx, Inc. All Rights Reserved.
-------------------------------------------------------------------------------------------------------------------------------------------------------------------
| Tool Version     : Vivado v.2018.2 (win64) Build 2258646 Thu Jun 14 20:03:12 MDT 2018
| Date             : Sat Apr  6 23:08:12 2019
| Host             : DESKTOP-LOM14M0 running 64-bit major release  (build 9200)
| Command          : report_power -file Voice_Scope_TOP_power_routed.rpt -pb Voice_Scope_TOP_power_summary_routed.pb -rpx Voice_Scope_TOP_power_routed.rpx
| Design           : Voice_Scope_TOP
| Device           : xc7a35tcpg236-1
| Design State     : routed
| Grade            : commercial
| Process          : typical
| Characterization : Production
-------------------------------------------------------------------------------------------------------------------------------------------------------------------

Power Report

Table of Contents
-----------------
1. Summary
1.1 On-Chip Components
1.2 Power Supply Summary
1.3 Confidence Level
2. Settings
2.1 Environment
2.2 Clock Constraints
3. Detailed Reports
3.1 By Hierarchy

1. Summary
----------

+--------------------------+--------------+
| Total On-Chip Power (W)  | 0.322        |
| Design Power Budget (W)  | Unspecified* |
| Power Budget Margin (W)  | NA           |
| Dynamic (W)              | 0.249        |
| Device Static (W)        | 0.073        |
| Effective TJA (C/W)      | 5.0          |
| Max Ambient (C)          | 83.4         |
| Junction Temperature (C) | 26.6         |
| Confidence Level         | Low          |
| Setting File             | ---          |
| Simulation Activity File | ---          |
| Design Nets Matched      | NA           |
+--------------------------+--------------+
* Specify Design Power Budget using, set_operating_conditions -design_power_budget <value in Watts>


1.1 On-Chip Components
----------------------

+--------------------------+-----------+----------+-----------+-----------------+
| On-Chip                  | Power (W) | Used     | Available | Utilization (%) |
+--------------------------+-----------+----------+-----------+-----------------+
| Clocks                   |     0.007 |        5 |       --- |             --- |
| Slice Logic              |     0.023 |     7236 |       --- |             --- |
|   LUT as Logic           |     0.020 |     3716 |     20800 |           17.87 |
|   CARRY4                 |     0.001 |      764 |      8150 |            9.37 |
|   LUT as Distributed RAM |     0.001 |      680 |      9600 |            7.08 |
|   Register               |    <0.001 |      856 |     41600 |            2.06 |
|   F7/F8 Muxes            |    <0.001 |      227 |     32600 |            0.70 |
|   Others                 |     0.000 |      207 |       --- |             --- |
|   BUFG                   |     0.000 |        3 |        32 |            9.38 |
| Signals                  |     0.032 |     5563 |       --- |             --- |
| Block RAM                |     0.049 |       12 |        50 |           24.00 |
| MMCM                     |     0.123 |        1 |         5 |           20.00 |
| DSPs                     |     0.012 |       17 |        90 |           18.89 |
| I/O                      |     0.003 |       63 |       106 |           59.43 |
| Static Power             |     0.073 |          |           |                 |
| Total                    |     0.322 |          |           |                 |
+--------------------------+-----------+----------+-----------+-----------------+


1.2 Power Supply Summary
------------------------

+-----------+-------------+-----------+-------------+------------+
| Source    | Voltage (V) | Total (A) | Dynamic (A) | Static (A) |
+-----------+-------------+-----------+-------------+------------+
| Vccint    |       1.000 |     0.130 |       0.119 |      0.011 |
| Vccaux    |       1.800 |     0.081 |       0.068 |      0.013 |
| Vcco33    |       3.300 |     0.002 |       0.001 |      0.001 |
| Vcco25    |       2.500 |     0.000 |       0.000 |      0.000 |
| Vcco18    |       1.800 |     0.000 |       0.000 |      0.000 |
| Vcco15    |       1.500 |     0.000 |       0.000 |      0.000 |
| Vcco135   |       1.350 |     0.000 |       0.000 |      0.000 |
| Vcco12    |       1.200 |     0.000 |       0.000 |      0.000 |
| Vccaux_io |       1.800 |     0.000 |       0.000 |      0.000 |
| Vccbram   |       1.000 |     0.004 |       0.004 |      0.000 |
| MGTAVcc   |       1.000 |     0.000 |       0.000 |      0.000 |
| MGTAVtt   |       1.200 |     0.000 |       0.000 |      0.000 |
| Vccadc    |       1.800 |     0.020 |       0.000 |      0.020 |
+-----------+-------------+-----------+-------------+------------+


1.3 Confidence Level
--------------------

+-----------------------------+------------+--------------------------------------------------------+--------------------------------------------------------------------------------------------------------------------+
| User Input Data             | Confidence | Details                                                | Action                                                                                                             |
+-----------------------------+------------+--------------------------------------------------------+--------------------------------------------------------------------------------------------------------------------+
| Design implementation state | High       | Design is routed                                       |                                                                                                                    |
| Clock nodes activity        | Low        | User specified less than 75% of clocks                 | Provide missing clock activity with a constraint file, simulation results or by editing the "By Clock Domain" view |
| I/O nodes activity          | Low        | More than 75% of inputs are missing user specification | Provide missing input activity with simulation results or by editing the "By Resource Type -> I/Os" view           |
| Internal nodes activity     | Medium     | User specified less than 25% of internal nodes         | Provide missing internal nodes activity with simulation results or by editing the "By Resource Type" views         |
| Device models               | High       | Device models are Production                           |                                                                                                                    |
|                             |            |                                                        |                                                                                                                    |
| Overall confidence level    | Low        |                                                        |                                                                                                                    |
+-----------------------------+------------+--------------------------------------------------------+--------------------------------------------------------------------------------------------------------------------+


2. Settings
-----------

2.1 Environment
---------------

+-----------------------+--------------------------+
| Ambient Temp (C)      | 25.0                     |
| ThetaJA (C/W)         | 5.0                      |
| Airflow (LFM)         | 250                      |
| Heat Sink             | medium (Medium Profile)  |
| ThetaSA (C/W)         | 4.6                      |
| Board Selection       | medium (10"x10")         |
| # of Board Layers     | 12to15 (12 to 15 Layers) |
| Board Temperature (C) | 25.0                     |
+-----------------------+--------------------------+


2.2 Clock Constraints
---------------------

+--------------------+-------------------------------------------------+-----------------+
| Clock              | Domain                                          | Constraint (ns) |
+--------------------+-------------------------------------------------+-----------------+
| clk_out1_clk_wiz_0 | nolabel_line218/VGA_CLK_108M/clk_out1_clk_wiz_0 |             9.3 |
| clkfbout_clk_wiz_0 | nolabel_line218/VGA_CLK_108M/clkfbout_clk_wiz_0 |            10.0 |
| sys_clk_pin        | CLK                                             |            10.0 |
+--------------------+-------------------------------------------------+-----------------+


3. Detailed Reports
-------------------

3.1 By Hierarchy
----------------

+----------------------------------------+-----------+
| Name                                   | Power (W) |
+----------------------------------------+-----------+
| Voice_Scope_TOP                        |     0.249 |
|   adjust_wave                          |    <0.001 |
|   clk_div_12hz                         |    <0.001 |
|   clk_div_20khz                        |    <0.001 |
|   clk_div_5hz                          |    <0.001 |
|   clk_div_80hz                         |    <0.001 |
|   clk_div_clk_pseudo                   |    <0.001 |
|   draw_background                      |     0.007 |
|   draw_waveform                        |     0.022 |
|     Sample_Memory_reg_0_127_0_0        |    <0.001 |
|     Sample_Memory_reg_0_127_1_1        |    <0.001 |
|     Sample_Memory_reg_0_127_2_2        |    <0.001 |
|     Sample_Memory_reg_0_127_3_3        |    <0.001 |
|     Sample_Memory_reg_0_127_4_4        |    <0.001 |
|     Sample_Memory_reg_0_127_5_5        |    <0.001 |
|     Sample_Memory_reg_0_127_6_6        |    <0.001 |
|     Sample_Memory_reg_0_127_7_7        |    <0.001 |
|     Sample_Memory_reg_0_127_8_8        |    <0.001 |
|     Sample_Memory_reg_0_127_9_9        |    <0.001 |
|     Sample_Memory_reg_1024_1151_0_0    |    <0.001 |
|     Sample_Memory_reg_1024_1151_1_1    |    <0.001 |
|     Sample_Memory_reg_1024_1151_2_2    |    <0.001 |
|     Sample_Memory_reg_1024_1151_3_3    |    <0.001 |
|     Sample_Memory_reg_1024_1151_4_4    |    <0.001 |
|     Sample_Memory_reg_1024_1151_5_5    |    <0.001 |
|     Sample_Memory_reg_1024_1151_6_6    |    <0.001 |
|     Sample_Memory_reg_1024_1151_7_7    |    <0.001 |
|     Sample_Memory_reg_1024_1151_8_8    |    <0.001 |
|     Sample_Memory_reg_1024_1151_9_9    |    <0.001 |
|     Sample_Memory_reg_1152_1279_0_0    |    <0.001 |
|     Sample_Memory_reg_1152_1279_1_1    |    <0.001 |
|     Sample_Memory_reg_1152_1279_2_2    |    <0.001 |
|     Sample_Memory_reg_1152_1279_3_3    |    <0.001 |
|     Sample_Memory_reg_1152_1279_4_4    |    <0.001 |
|     Sample_Memory_reg_1152_1279_5_5    |    <0.001 |
|     Sample_Memory_reg_1152_1279_6_6    |    <0.001 |
|     Sample_Memory_reg_1152_1279_7_7    |    <0.001 |
|     Sample_Memory_reg_1152_1279_8_8    |    <0.001 |
|     Sample_Memory_reg_1152_1279_9_9    |    <0.001 |
|     Sample_Memory_reg_128_255_0_0      |    <0.001 |
|     Sample_Memory_reg_128_255_1_1      |    <0.001 |
|     Sample_Memory_reg_128_255_2_2      |    <0.001 |
|     Sample_Memory_reg_128_255_3_3      |    <0.001 |
|     Sample_Memory_reg_128_255_4_4      |    <0.001 |
|     Sample_Memory_reg_128_255_5_5      |    <0.001 |
|     Sample_Memory_reg_128_255_6_6      |    <0.001 |
|     Sample_Memory_reg_128_255_7_7      |    <0.001 |
|     Sample_Memory_reg_128_255_8_8      |    <0.001 |
|     Sample_Memory_reg_128_255_9_9      |    <0.001 |
|     Sample_Memory_reg_256_383_0_0      |    <0.001 |
|     Sample_Memory_reg_256_383_1_1      |    <0.001 |
|     Sample_Memory_reg_256_383_2_2      |    <0.001 |
|     Sample_Memory_reg_256_383_3_3      |    <0.001 |
|     Sample_Memory_reg_256_383_4_4      |    <0.001 |
|     Sample_Memory_reg_256_383_5_5      |    <0.001 |
|     Sample_Memory_reg_256_383_6_6      |    <0.001 |
|     Sample_Memory_reg_256_383_7_7      |    <0.001 |
|     Sample_Memory_reg_256_383_8_8      |    <0.001 |
|     Sample_Memory_reg_256_383_9_9      |    <0.001 |
|     Sample_Memory_reg_384_511_0_0      |    <0.001 |
|     Sample_Memory_reg_384_511_1_1      |    <0.001 |
|     Sample_Memory_reg_384_511_2_2      |    <0.001 |
|     Sample_Memory_reg_384_511_3_3      |    <0.001 |
|     Sample_Memory_reg_384_511_4_4      |    <0.001 |
|     Sample_Memory_reg_384_511_5_5      |    <0.001 |
|     Sample_Memory_reg_384_511_6_6      |    <0.001 |
|     Sample_Memory_reg_384_511_7_7      |    <0.001 |
|     Sample_Memory_reg_384_511_8_8      |    <0.001 |
|     Sample_Memory_reg_384_511_9_9      |    <0.001 |
|     Sample_Memory_reg_512_639_0_0      |    <0.001 |
|     Sample_Memory_reg_512_639_1_1      |    <0.001 |
|     Sample_Memory_reg_512_639_2_2      |    <0.001 |
|     Sample_Memory_reg_512_639_3_3      |    <0.001 |
|     Sample_Memory_reg_512_639_4_4      |    <0.001 |
|     Sample_Memory_reg_512_639_5_5      |    <0.001 |
|     Sample_Memory_reg_512_639_6_6      |    <0.001 |
|     Sample_Memory_reg_512_639_7_7      |    <0.001 |
|     Sample_Memory_reg_512_639_8_8      |    <0.001 |
|     Sample_Memory_reg_512_639_9_9      |    <0.001 |
|     Sample_Memory_reg_640_767_0_0      |    <0.001 |
|     Sample_Memory_reg_640_767_1_1      |    <0.001 |
|     Sample_Memory_reg_640_767_2_2      |    <0.001 |
|     Sample_Memory_reg_640_767_3_3      |    <0.001 |
|     Sample_Memory_reg_640_767_4_4      |    <0.001 |
|     Sample_Memory_reg_640_767_5_5      |    <0.001 |
|     Sample_Memory_reg_640_767_6_6      |    <0.001 |
|     Sample_Memory_reg_640_767_7_7      |    <0.001 |
|     Sample_Memory_reg_640_767_8_8      |    <0.001 |
|     Sample_Memory_reg_640_767_9_9      |    <0.001 |
|     Sample_Memory_reg_768_895_0_0      |    <0.001 |
|     Sample_Memory_reg_768_895_1_1      |    <0.001 |
|     Sample_Memory_reg_768_895_2_2      |    <0.001 |
|     Sample_Memory_reg_768_895_3_3      |    <0.001 |
|     Sample_Memory_reg_768_895_4_4      |    <0.001 |
|     Sample_Memory_reg_768_895_5_5      |    <0.001 |
|     Sample_Memory_reg_768_895_6_6      |    <0.001 |
|     Sample_Memory_reg_768_895_7_7      |    <0.001 |
|     Sample_Memory_reg_768_895_8_8      |    <0.001 |
|     Sample_Memory_reg_768_895_9_9      |    <0.001 |
|     Sample_Memory_reg_896_1023_0_0     |    <0.001 |
|     Sample_Memory_reg_896_1023_1_1     |    <0.001 |
|     Sample_Memory_reg_896_1023_2_2     |    <0.001 |
|     Sample_Memory_reg_896_1023_3_3     |    <0.001 |
|     Sample_Memory_reg_896_1023_4_4     |    <0.001 |
|     Sample_Memory_reg_896_1023_5_5     |    <0.001 |
|     Sample_Memory_reg_896_1023_6_6     |    <0.001 |
|     Sample_Memory_reg_896_1023_7_7     |    <0.001 |
|     Sample_Memory_reg_896_1023_8_8     |    <0.001 |
|     Sample_Memory_reg_896_1023_9_9     |    <0.001 |
|     Sample_Memory_reg_r2_0_63_0_2      |    <0.001 |
|     Sample_Memory_reg_r2_0_63_3_5      |    <0.001 |
|     Sample_Memory_reg_r2_0_63_6_8      |    <0.001 |
|     Sample_Memory_reg_r2_0_63_9_9      |    <0.001 |
|     Sample_Memory_reg_r2_1024_1087_0_2 |    <0.001 |
|     Sample_Memory_reg_r2_1024_1087_3_5 |    <0.001 |
|     Sample_Memory_reg_r2_1024_1087_6_8 |    <0.001 |
|     Sample_Memory_reg_r2_1024_1087_9_9 |    <0.001 |
|     Sample_Memory_reg_r2_1088_1151_0_2 |    <0.001 |
|     Sample_Memory_reg_r2_1088_1151_3_5 |    <0.001 |
|     Sample_Memory_reg_r2_1088_1151_6_8 |    <0.001 |
|     Sample_Memory_reg_r2_1088_1151_9_9 |    <0.001 |
|     Sample_Memory_reg_r2_1152_1215_0_2 |    <0.001 |
|     Sample_Memory_reg_r2_1152_1215_3_5 |    <0.001 |
|     Sample_Memory_reg_r2_1152_1215_6_8 |    <0.001 |
|     Sample_Memory_reg_r2_1152_1215_9_9 |    <0.001 |
|     Sample_Memory_reg_r2_1216_1279_0_2 |    <0.001 |
|     Sample_Memory_reg_r2_1216_1279_3_5 |    <0.001 |
|     Sample_Memory_reg_r2_1216_1279_6_8 |    <0.001 |
|     Sample_Memory_reg_r2_1216_1279_9_9 |    <0.001 |
|     Sample_Memory_reg_r2_128_191_0_2   |    <0.001 |
|     Sample_Memory_reg_r2_128_191_3_5   |    <0.001 |
|     Sample_Memory_reg_r2_128_191_6_8   |    <0.001 |
|     Sample_Memory_reg_r2_128_191_9_9   |    <0.001 |
|     Sample_Memory_reg_r2_192_255_0_2   |    <0.001 |
|     Sample_Memory_reg_r2_192_255_3_5   |    <0.001 |
|     Sample_Memory_reg_r2_192_255_6_8   |    <0.001 |
|     Sample_Memory_reg_r2_192_255_9_9   |    <0.001 |
|     Sample_Memory_reg_r2_256_319_0_2   |    <0.001 |
|     Sample_Memory_reg_r2_256_319_3_5   |    <0.001 |
|     Sample_Memory_reg_r2_256_319_6_8   |    <0.001 |
|     Sample_Memory_reg_r2_256_319_9_9   |    <0.001 |
|     Sample_Memory_reg_r2_320_383_0_2   |    <0.001 |
|     Sample_Memory_reg_r2_320_383_3_5   |    <0.001 |
|     Sample_Memory_reg_r2_320_383_6_8   |    <0.001 |
|     Sample_Memory_reg_r2_320_383_9_9   |    <0.001 |
|     Sample_Memory_reg_r2_384_447_0_2   |    <0.001 |
|     Sample_Memory_reg_r2_384_447_3_5   |    <0.001 |
|     Sample_Memory_reg_r2_384_447_6_8   |    <0.001 |
|     Sample_Memory_reg_r2_384_447_9_9   |    <0.001 |
|     Sample_Memory_reg_r2_448_511_0_2   |    <0.001 |
|     Sample_Memory_reg_r2_448_511_3_5   |    <0.001 |
|     Sample_Memory_reg_r2_448_511_6_8   |    <0.001 |
|     Sample_Memory_reg_r2_448_511_9_9   |    <0.001 |
|     Sample_Memory_reg_r2_512_575_0_2   |    <0.001 |
|     Sample_Memory_reg_r2_512_575_3_5   |    <0.001 |
|     Sample_Memory_reg_r2_512_575_6_8   |    <0.001 |
|     Sample_Memory_reg_r2_512_575_9_9   |    <0.001 |
|     Sample_Memory_reg_r2_576_639_0_2   |    <0.001 |
|     Sample_Memory_reg_r2_576_639_3_5   |    <0.001 |
|     Sample_Memory_reg_r2_576_639_6_8   |    <0.001 |
|     Sample_Memory_reg_r2_576_639_9_9   |    <0.001 |
|     Sample_Memory_reg_r2_640_703_0_2   |    <0.001 |
|     Sample_Memory_reg_r2_640_703_3_5   |    <0.001 |
|     Sample_Memory_reg_r2_640_703_6_8   |    <0.001 |
|     Sample_Memory_reg_r2_640_703_9_9   |    <0.001 |
|     Sample_Memory_reg_r2_64_127_0_2    |    <0.001 |
|     Sample_Memory_reg_r2_64_127_3_5    |    <0.001 |
|     Sample_Memory_reg_r2_64_127_6_8    |    <0.001 |
|     Sample_Memory_reg_r2_64_127_9_9    |    <0.001 |
|     Sample_Memory_reg_r2_704_767_0_2   |    <0.001 |
|     Sample_Memory_reg_r2_704_767_3_5   |    <0.001 |
|     Sample_Memory_reg_r2_704_767_6_8   |    <0.001 |
|     Sample_Memory_reg_r2_704_767_9_9   |    <0.001 |
|     Sample_Memory_reg_r2_768_831_0_2   |    <0.001 |
|     Sample_Memory_reg_r2_768_831_3_5   |    <0.001 |
|     Sample_Memory_reg_r2_768_831_6_8   |    <0.001 |
|     Sample_Memory_reg_r2_768_831_9_9   |    <0.001 |
|     Sample_Memory_reg_r2_832_895_0_2   |    <0.001 |
|     Sample_Memory_reg_r2_832_895_3_5   |    <0.001 |
|     Sample_Memory_reg_r2_832_895_6_8   |    <0.001 |
|     Sample_Memory_reg_r2_832_895_9_9   |    <0.001 |
|     Sample_Memory_reg_r2_896_959_0_2   |    <0.001 |
|     Sample_Memory_reg_r2_896_959_3_5   |    <0.001 |
|     Sample_Memory_reg_r2_896_959_6_8   |    <0.001 |
|     Sample_Memory_reg_r2_896_959_9_9   |    <0.001 |
|     Sample_Memory_reg_r2_960_1023_0_2  |    <0.001 |
|     Sample_Memory_reg_r2_960_1023_3_5  |    <0.001 |
|     Sample_Memory_reg_r2_960_1023_6_8  |    <0.001 |
|     Sample_Memory_reg_r2_960_1023_9_9  |    <0.001 |
|   get_max                              |    <0.001 |
|   get_pseudo_wave                      |    <0.001 |
|     pulse_middle                       |    <0.001 |
|       dff2                             |    <0.001 |
|   help                                 |     0.043 |
|     instruction1                       |     0.003 |
|       FontRom                          |     0.003 |
|     instruction10                      |    <0.001 |
|     instruction11                      |     0.004 |
|       FontRom                          |     0.004 |
|     instruction12                      |    <0.001 |
|     instruction13                      |     0.003 |
|       FontRom                          |     0.002 |
|     instruction14                      |    <0.001 |
|     instruction15                      |    <0.001 |
|     instruction16                      |     0.002 |
|       FontRom                          |     0.002 |
|     instruction17                      |    <0.001 |
|     instruction18                      |     0.002 |
|       FontRom                          |     0.002 |
|     instruction19                      |    <0.001 |
|     instruction2                       |    <0.001 |
|     instruction20                      |    <0.001 |
|     instruction21                      |     0.002 |
|       FontRom                          |     0.002 |
|     instruction22                      |    <0.001 |
|     instruction23                      |     0.002 |
|       FontRom                          |     0.002 |
|     instruction24                      |     0.005 |
|     instruction26                      |    <0.001 |
|     instruction3                       |     0.002 |
|       FontRom                          |     0.002 |
|     instruction4                       |    <0.001 |
|     instruction5                       |     0.005 |
|       FontRom                          |     0.005 |
|     instruction6                       |     0.002 |
|       FontRom                          |     0.002 |
|     instruction7                       |    <0.001 |
|     instruction8                       |     0.005 |
|       FontRom                          |     0.005 |
|     instruction9                       |     0.002 |
|       FontRom                          |     0.002 |
|   menu_screen                          |     0.008 |
|     sub_text1                          |    <0.001 |
|     sub_text2                          |     0.002 |
|       FontRom                          |     0.002 |
|     sub_text3                          |    <0.001 |
|     t1                                 |     0.002 |
|       FontRom                          |     0.002 |
|     title                              |     0.003 |
|       FontRom                          |     0.002 |
|   my_sound_specs                       |     0.004 |
|     avg_vol_title                      |     0.002 |
|       FontRom                          |     0.002 |
|     max_first0                         |    <0.001 |
|       FontRom                          |    <0.001 |
|     max_vol_title                      |    <0.001 |
|     min_vol_title                      |    <0.001 |
|   nolabel_line169                      |    <0.001 |
|     pulse_center                       |    <0.001 |
|       dff1                             |    <0.001 |
|     pulse_down                         |    <0.001 |
|       dff1                             |    <0.001 |
|       dff2                             |     0.000 |
|     pulse_left                         |    <0.001 |
|       dff1                             |    <0.001 |
|       dff2                             |    <0.001 |
|     pulse_right                        |    <0.001 |
|       dff1                             |    <0.001 |
|       dff2                             |     0.000 |
|     pulse_up                           |    <0.001 |
|       dff1                             |    <0.001 |
|       dff2                             |    <0.001 |
|   nolabel_line201                      |     0.013 |
|     high_score_0                       |     0.002 |
|       FontRom                          |     0.002 |
|     high_score_1                       |    <0.001 |
|     high_score_10                      |     0.002 |
|       FontRom                          |     0.002 |
|     high_score_2                       |     0.002 |
|       FontRom                          |     0.002 |
|     high_score_3                       |    <0.001 |
|     high_score_4                       |     0.002 |
|       FontRom                          |     0.002 |
|     high_score_5                       |    <0.001 |
|     high_score_6                       |     0.002 |
|       FontRom                          |     0.002 |
|     high_score_7                       |    <0.001 |
|     high_score_8                       |     0.002 |
|       FontRom                          |     0.002 |
|     high_score_9                       |    <0.001 |
|     high_score_text                    |    <0.001 |
|   nolabel_line218                      |     0.142 |
|     VGA_CLK_108M                       |     0.124 |
|     VGA_CONTROL                        |     0.018 |
|   nolabel_line74                       |    <0.001 |
|   nolabel_line75                       |    <0.001 |
|   set_up_anode                         |     0.000 |
|   set_up_led                           |     0.000 |
|   sound_bar                            |     0.003 |
|     title                              |     0.003 |
|       FontRom                          |     0.003 |
+----------------------------------------+-----------+


